0 info it worked if it ends with ok
1 verbose cli [ 'node', '/usr/bin/npm', 'install', 'forever', '-g' ]
2 info using npm@2.10.1
3 info using node@v0.10.37
4 verbose node symlink /usr/bin/node
5 verbose install initial load of /usr/lib/package.json
6 verbose readDependencies loading dependencies from /usr/lib/package.json
7 silly cache add args [ 'forever', null ]
8 verbose cache add spec forever
9 silly cache add parsed spec { raw: 'forever',
9 silly cache add   scope: null,
9 silly cache add   name: 'forever',
9 silly cache add   rawSpec: '',
9 silly cache add   spec: '*',
9 silly cache add   type: 'range' }
10 silly addNamed forever@*
11 verbose addNamed "*" is a valid semver range for forever
12 silly addNameRange { name: 'forever', range: '*', hasData: false }
13 silly mapToRegistry name forever
14 silly mapToRegistry using default registry
15 silly mapToRegistry registry https://registry.npmjs.org/
16 silly mapToRegistry uri https://registry.npmjs.org/forever
17 verbose addNameRange registry:https://registry.npmjs.org/forever not in flight; fetching
18 verbose request uri https://registry.npmjs.org/forever
19 verbose request no auth needed
20 info attempt registry request try #1 at 13:03:15
21 verbose request id 773665f3ba686f11
22 http request GET https://registry.npmjs.org/forever
23 http 200 https://registry.npmjs.org/forever
24 silly get cb [ 200,
24 silly get   { server: 'CouchDB/1.5.0 (Erlang OTP/R16B03)',
24 silly get     etag: '"9SEXTTFLPKZ1FGMSED16ADKR1"',
24 silly get     'content-type': 'application/json',
24 silly get     'cache-control': 'max-age=60',
24 silly get     'content-length': '74006',
24 silly get     'accept-ranges': 'bytes',
24 silly get     date: 'Sat, 30 May 2015 13:03:12 GMT',
24 silly get     via: '1.1 varnish',
24 silly get     age: '43',
24 silly get     connection: 'keep-alive',
24 silly get     'x-served-by': 'cache-atl6223-ATL',
24 silly get     'x-cache': 'HIT',
24 silly get     'x-cache-hits': '1',
24 silly get     'x-timer': 'S1432990992.570559,VS0,VE1',
24 silly get     vary: 'Accept' } ]
25 verbose get saving forever to /home/ubuntu/.npm/registry.npmjs.org/forever/.cache.json
26 silly addNameRange number 2 { name: 'forever', range: '*', hasData: true }
27 silly addNameRange versions [ 'forever',
27 silly addNameRange   [ '0.6.0',
27 silly addNameRange     '0.6.1',
27 silly addNameRange     '0.6.2',
27 silly addNameRange     '0.6.3',
27 silly addNameRange     '0.6.4',
27 silly addNameRange     '0.6.5',
27 silly addNameRange     '0.6.6',
27 silly addNameRange     '0.6.7',
27 silly addNameRange     '0.6.8',
27 silly addNameRange     '0.6.9',
27 silly addNameRange     '0.7.0',
27 silly addNameRange     '0.7.1',
27 silly addNameRange     '0.7.2',
27 silly addNameRange     '0.7.3',
27 silly addNameRange     '0.7.4',
27 silly addNameRange     '0.7.5',
27 silly addNameRange     '0.8.0',
27 silly addNameRange     '0.8.1',
27 silly addNameRange     '0.8.2',
27 silly addNameRange     '0.8.3',
27 silly addNameRange     '0.8.4',
27 silly addNameRange     '0.8.5',
27 silly addNameRange     '0.9.0',
27 silly addNameRange     '0.9.1',
27 silly addNameRange     '0.9.2',
27 silly addNameRange     '0.10.0',
27 silly addNameRange     '0.10.5',
27 silly addNameRange     '0.10.6',
27 silly addNameRange     '0.10.7',
27 silly addNameRange     '0.10.8',
27 silly addNameRange     '0.10.9',
27 silly addNameRange     '0.10.10',
27 silly addNameRange     '0.10.11',
27 silly addNameRange     '0.11.0',
27 silly addNameRange     '0.11.1',
27 silly addNameRange     '0.12.0',
27 silly addNameRange     '0.13.0',
27 silly addNameRange     '0.14.1' ] ]
28 silly addNamed forever@0.14.1
29 verbose addNamed "0.14.1" is a plain semver version for forever
30 silly mapToRegistry name forever
31 silly mapToRegistry using default registry
32 silly mapToRegistry registry https://registry.npmjs.org/
33 silly mapToRegistry uri https://registry.npmjs.org/forever
34 verbose addRemoteTarball https://registry.npmjs.org/forever/-/forever-0.14.1.tgz not in flight; adding
35 verbose addRemoteTarball [ 'https://registry.npmjs.org/forever/-/forever-0.14.1.tgz',
35 verbose addRemoteTarball   '48bed8c2b215be5c1a3bf429275514a4dca1158a' ]
36 info retry fetch attempt 1 at 13:03:16
37 info attempt registry request try #1 at 13:03:16
38 http fetch GET https://registry.npmjs.org/forever/-/forever-0.14.1.tgz
39 http fetch 200 https://registry.npmjs.org/forever/-/forever-0.14.1.tgz
40 silly fetchAndShaCheck shasum 48bed8c2b215be5c1a3bf429275514a4dca1158a
41 verbose addTmpTarball /tmp/npm-25175-c876915c/registry.npmjs.org/forever/-/forever-0.14.1.tgz not in flight; adding
42 verbose addTmpTarball already have metadata; skipping unpack for forever@0.14.1
43 silly cache afterAdd forever@0.14.1
44 verbose afterAdd /home/ubuntu/.npm/forever/0.14.1/package/package.json not in flight; writing
45 verbose afterAdd /home/ubuntu/.npm/forever/0.14.1/package/package.json written
46 silly install resolved [ { name: 'forever',
46 silly install resolved     preferGlobal: 'true',
46 silly install resolved     description: 'A simple CLI tool for ensuring that a given node script runs continuously (i.e. forever)',
46 silly install resolved     version: '0.14.1',
46 silly install resolved     author: { name: 'Charlie Robbins', email: 'charlie.robbins@gmail.com' },
46 silly install resolved     maintainers: [ [Object], [Object], [Object], [Object], [Object] ],
46 silly install resolved     repository: { type: 'git', url: 'http://github.com/nodejitsu/forever.git' },
46 silly install resolved     keywords: [ 'cli', 'fault tolerant', 'sysadmin', 'tools' ],
46 silly install resolved     dependencies:
46 silly install resolved      { colors: '~0.6.2',
46 silly install resolved        cliff: '~0.1.9',
46 silly install resolved        flatiron: '~0.4.2',
46 silly install resolved        'forever-monitor': '~1.5.1',
46 silly install resolved        nconf: '~0.6.9',
46 silly install resolved        nssocket: '~0.5.1',
46 silly install resolved        optimist: '~0.6.0',
46 silly install resolved        timespan: '~2.3.0',
46 silly install resolved        utile: '~0.2.1',
46 silly install resolved        winston: '~0.8.1' },
46 silly install resolved     devDependencies:
46 silly install resolved      { broadway: '~0.3.6',
46 silly install resolved        eventemitter2: '0.4.x',
46 silly install resolved        request: '2.x.x',
46 silly install resolved        vows: '0.7.x' },
46 silly install resolved     bin: { forever: './bin/forever' },
46 silly install resolved     main: './lib/forever',
46 silly install resolved     scripts: { test: 'vows test/**/*-test.js --spec -i' },
46 silly install resolved     engines: { node: '>= 0.8.x' },
46 silly install resolved     gitHead: '509eaf24deaf1ea8515298d5fcf16708715e658c',
46 silly install resolved     bugs: { url: 'https://github.com/nodejitsu/forever/issues' },
46 silly install resolved     homepage: 'https://github.com/nodejitsu/forever',
46 silly install resolved     _id: 'forever@0.14.1',
46 silly install resolved     _shasum: '48bed8c2b215be5c1a3bf429275514a4dca1158a',
46 silly install resolved     _from: 'forever@*',
46 silly install resolved     _npmVersion: '2.2.0',
46 silly install resolved     _nodeVersion: '0.10.33',
46 silly install resolved     _npmUser: { name: 'indexzero', email: 'charlie.robbins@gmail.com' },
46 silly install resolved     dist:
46 silly install resolved      { shasum: '48bed8c2b215be5c1a3bf429275514a4dca1158a',
46 silly install resolved        tarball: 'http://registry.npmjs.org/forever/-/forever-0.14.1.tgz' },
46 silly install resolved     directories: {},
46 silly install resolved     _resolved: 'https://registry.npmjs.org/forever/-/forever-0.14.1.tgz' } ]
47 info install forever@0.14.1 into /usr/lib
48 info installOne forever@0.14.1
49 verbose installOne of forever to /usr/lib not in flight; installing
50 verbose lock using /home/ubuntu/.npm/_locks/forever-489122e4731fc537.lock for /usr/lib/node_modules/forever
51 silly install write writing forever 0.14.1 to /usr/lib/node_modules/forever
52 verbose unbuild lib/node_modules/forever
53 info preuninstall forever@0.14.1
54 info uninstall forever@0.14.1
55 verbose unbuild rmStuff forever@0.14.1 from /usr/lib/node_modules
56 silly gentlyRm /usr/bin/forever is being gently removed
57 silly gentlyRm verifying /usr is an npm working directory
58 silly gentlyRm containing path /usr is under npm's control, in /usr
59 silly gentlyRm deletion target /usr/bin/forever is under /usr
60 verbose gentlyRm vacuuming from /usr/bin/forever up to /usr
61 silly vacuum-fs removing /usr/bin/forever
62 verbose unlock done using /home/ubuntu/.npm/_locks/forever-489122e4731fc537.lock for /usr/lib/node_modules/forever
63 verbose stack Error: EACCES, unlink '/usr/bin/forever'
64 verbose cwd /home/ubuntu/app
65 error Linux 3.13.0-48-generic
66 error argv "node" "/usr/bin/npm" "install" "forever" "-g"
67 error node v0.10.37
68 error npm  v2.10.1
69 error path /usr/bin/forever
70 error code EACCES
71 error errno 3
72 error Error: EACCES, unlink '/usr/bin/forever'
72 error  { [Error: EACCES, unlink '/usr/bin/forever'] errno: 3, code: 'EACCES', path: '/usr/bin/forever' }
73 error Please try running this command again as root/Administrator.
74 verbose exit [ 3, true ]
75 verbose unbuild lib/node_modules/forever
76 info preuninstall forever@0.14.1
77 info uninstall forever@0.14.1
78 verbose unbuild rmStuff forever@0.14.1 from /usr/lib/node_modules
79 silly gentlyRm /usr/bin/forever is being gently removed
80 silly gentlyRm verifying /usr is an npm working directory
81 silly gentlyRm containing path /usr is under npm's control, in /usr
82 silly gentlyRm deletion target /usr/bin/forever is under /usr
83 verbose gentlyRm vacuuming from /usr/bin/forever up to /usr
84 silly vacuum-fs removing /usr/bin/forever
85 error error rolling back Error: EACCES, unlink '/usr/bin/forever'
85 error error rolling back  { [Error: EACCES, unlink '/usr/bin/forever'] errno: 3, code: 'EACCES', path: '/usr/bin/forever' }
